Determining if the pthread_create exist failed with the following output:
Change Dir: /home/mengmi/Desktop/Egocentric-Spatial-Memory/ROSsimulation/build/CMakeFiles/CMakeTmp

Run Build Command:/usr/bin/make "cmTryCompileExec107740749/fast"
/usr/bin/make -f CMakeFiles/cmTryCompileExec107740749.dir/build.make CMakeFiles/cmTryCompileExec107740749.dir/build
make[1]: Entering directory `/home/mengmi/Desktop/Egocentric-Spatial-Memory/ROSsimulation/build/CMakeFiles/CMakeTmp'
/usr/bin/cmake -E cmake_progress_report /home/mengmi/Desktop/Egocentric-Spatial-Memory/ROSsimulation/build/CMakeFiles/CMakeTmp/CMakeFiles 1
Building C object CMakeFiles/cmTryCompileExec107740749.dir/CheckSymbolExists.c.o
/usr/bin/cc    -o CMakeFiles/cmTryCompileExec107740749.dir/CheckSymbolExists.c.o   -c /home/mengmi/Desktop/Egocentric-Spatial-Memory/ROSsimulation/build/CMakeFiles/CMakeTmp/CheckSymbolExists.c
Linking C executable cmTryCompileExec107740749
/usr/bin/cmake -E cmake_link_script CMakeFiles/cmTryCompileExec107740749.dir/link.txt --verbose=1
/usr/bin/cc       CMakeFiles/cmTryCompileExec107740749.dir/CheckSymbolExists.c.o  -o cmTryCompileExec107740749 -rdynamic 
CMakeFiles/cmTryCompileExec107740749.dir/CheckSymbolExists.c.o: In function `main':
CheckSymbolExists.c:(.text+0x16): undefined reference to `pthread_create'
collect2: error: ld returned 1 exit status
make[1]: Leaving directory `/home/mengmi/Desktop/Egocentric-Spatial-Memory/ROSsimulation/build/CMakeFiles/CMakeTmp'
make[1]: *** [cmTryCompileExec107740749] Error 1
make: *** [cmTryCompileExec107740749/fast] Error 2

File /home/mengmi/Desktop/Egocentric-Spatial-Memory/ROSsimulation/build/CMakeFiles/CMakeTmp/CheckSymbolExists.c:
/* */
#include <pthread.h>

int main(int argc, char** argv)
{
  (void)argv;
#ifndef pthread_create
  return ((int*)(&pthread_create))[argc];
#else
  (void)argc;
  return 0;
#endif
}

Determining if the function pthread_create exists in the pthreads failed with the following output:
Change Dir: /home/mengmi/Desktop/Egocentric-Spatial-Memory/ROSsimulation/build/CMakeFiles/CMakeTmp

Run Build Command:/usr/bin/make "cmTryCompileExec754823058/fast"
/usr/bin/make -f CMakeFiles/cmTryCompileExec754823058.dir/build.make CMakeFiles/cmTryCompileExec754823058.dir/build
make[1]: Entering directory `/home/mengmi/Desktop/Egocentric-Spatial-Memory/ROSsimulation/build/CMakeFiles/CMakeTmp'
/usr/bin/cmake -E cmake_progress_report /home/mengmi/Desktop/Egocentric-Spatial-Memory/ROSsimulation/build/CMakeFiles/CMakeTmp/CMakeFiles 1
Building C object CMakeFiles/cmTryCompileExec754823058.dir/CheckFunctionExists.c.o
/usr/bin/cc   -DCHECK_FUNCTION_EXISTS=pthread_create   -o CMakeFiles/cmTryCompileExec754823058.dir/CheckFunctionExists.c.o   -c /usr/share/cmake-2.8/Modules/CheckFunctionExists.c
Linking C executable cmTryCompileExec754823058
/usr/bin/cmake -E cmake_link_script CMakeFiles/cmTryCompileExec754823058.dir/link.txt --verbose=1
/usr/bin/cc   -DCHECK_FUNCTION_EXISTS=pthread_create    CMakeFiles/cmTryCompileExec754823058.dir/CheckFunctionExists.c.o  -o cmTryCompileExec754823058 -rdynamic -lpthreads 
/usr/bin/ld: cannot find -lpthreads
collect2: error: ld returned 1 exit status
make[1]: Leaving directory `/home/mengmi/Desktop/Egocentric-Spatial-Memory/ROSsimulation/build/CMakeFiles/CMakeTmp'
make[1]: *** [cmTryCompileExec754823058] Error 1
make: *** [cmTryCompileExec754823058/fast] Error 2


